<?xml version="1.0" encoding="UTF-8"?>
<testng-results ignored="0" total="1" passed="1" failed="0" skipped="0">
  <reporter-output>
  </reporter-output>
  <suite started-at="2022-01-17T17:15:00 CST" name="Default suite" finished-at="2022-01-17T17:15:10 CST" duration-ms="10144">
    <groups>
      <group name="cucumber">
        <method signature="AbstractTestNGCucumberTests.feature(cucumber.api.testng.CucumberFeatureWrapper)[pri:0, instance:runner.Runner@e95595b]" name="feature" class="cucumber.api.testng.AbstractTestNGCucumberTests"/>
      </group> <!-- cucumber -->
    </groups>
    <test started-at="2022-01-17T17:15:00 CST" name="Default test" finished-at="2022-01-17T17:15:10 CST" duration-ms="10144">
      <class name="runner.Runner">
        <test-method is-config="true" signature="launchURL()[pri:0, instance:runner.Runner@e95595b]" started-at="2022-01-17T17:15:00 CST" name="launchURL" finished-at="2022-01-17T17:15:02 CST" duration-ms="2131" status="PASS">
          <reporter-output>
          </reporter-output>
        </test-method> <!-- launchURL -->
        <test-method is-config="true" signature="setUpClass()[pri:0, instance:runner.Runner@e95595b]" started-at="2022-01-17T17:15:02 CST" name="setUpClass" finished-at="2022-01-17T17:15:02 CST" duration-ms="311" status="PASS">
          <reporter-output>
          </reporter-output>
        </test-method> <!-- setUpClass -->
        <test-method signature="feature(cucumber.api.testng.CucumberFeatureWrapper)[pri:0, instance:runner.Runner@e95595b]" started-at="2022-01-17T17:15:02 CST" name="feature" description="Runs Cucumber Feature" data-provider="features" finished-at="2022-01-17T17:15:09 CST" duration-ms="6741" status="PASS">
          <params>
            <param index="0">
              <value>
                <![CDATA[Amazon Customer Service]]>
              </value>
            </param>
          </params>
          <reporter-output>
          </reporter-output>
        </test-method> <!-- feature -->
        <test-method is-config="true" signature="tearDownClass()[pri:0, instance:runner.Runner@e95595b]" started-at="2022-01-17T17:15:09 CST" name="tearDownClass" finished-at="2022-01-17T17:15:09 CST" duration-ms="16" status="PASS">
          <reporter-output>
          </reporter-output>
        </test-method> <!-- tearDownClass -->
        <test-method is-config="true" signature="closeURL()[pri:0, instance:runner.Runner@e95595b]" started-at="2022-01-17T17:15:09 CST" name="closeURL" finished-at="2022-01-17T17:15:10 CST" duration-ms="714" status="PASS">
          <reporter-output>
          </reporter-output>
        </test-method> <!-- closeURL -->
      </class> <!-- runner.Runner -->
    </test> <!-- Default test -->
  </suite> <!-- Default suite -->
</testng-results>
